{"C:\\Driven\\projetos\\desafio-tecnico-back-end\\src\\app.ts": {"path":"C:\\Driven\\projetos\\desafio-tecnico-back-end\\src\\app.ts","statementMap":{"0":{"start":{"line":1,"column":0},"end":{"line":1,"column":42}},"1":{"start":{"line":2,"column":0},"end":{"line":2,"column":60}},"2":{"start":{"line":3,"column":0},"end":{"line":3,"column":40}},"3":{"start":{"line":4,"column":0},"end":{"line":4,"column":24}},"4":{"start":{"line":5,"column":0},"end":{"line":5,"column":77}},"5":{"start":{"line":6,"column":0},"end":{"line":6,"column":10}},"6":{"start":{"line":8,"column":12},"end":{"line":8,"column":21}},"7":{"start":{"line":9,"column":0},"end":{"line":15,"column":null}},"8":{"start":{"line":12,"column":33},"end":{"line":12,"column":60}},"9":{"start":{"line":18,"column":2},"end":{"line":18,"column":14}},"10":{"start":{"line":19,"column":2},"end":{"line":19,"column":30}},"11":{"start":{"line":17,"column":0},"end":{"line":17,"column":16}},"12":{"start":{"line":23,"column":2},"end":{"line":23,"column":23}},"13":{"start":{"line":22,"column":0},"end":{"line":22,"column":7}},"14":{"start":{"line":26,"column":0},"end":{"line":26,"column":null}}},"fnMap":{"0":{"name":"(anonymous_1)","decl":{"start":{"line":12,"column":18},"end":{"line":12,"column":19}},"loc":{"start":{"line":12,"column":33},"end":{"line":12,"column":60}}},"1":{"name":"init","decl":{"start":{"line":17,"column":16},"end":{"line":17,"column":20}},"loc":{"start":{"line":17,"column":20},"end":{"line":20,"column":1}}},"2":{"name":"close","decl":{"start":{"line":22,"column":22},"end":{"line":22,"column":27}},"loc":{"start":{"line":22,"column":27},"end":{"line":24,"column":1}}}},"branchMap":{},"s":{"0":3,"1":3,"2":3,"3":3,"4":3,"5":3,"6":3,"7":3,"8":0,"9":3,"10":3,"11":3,"12":0,"13":3,"14":3},"f":{"0":0,"1":3,"2":0},"b":{}}
,"C:\\Driven\\projetos\\desafio-tecnico-back-end\\src\\server.ts": {"path":"C:\\Driven\\projetos\\desafio-tecnico-back-end\\src\\server.ts","statementMap":{"0":{"start":{"line":1,"column":0},"end":{"line":1,"column":33}},"1":{"start":{"line":3,"column":13},"end":{"line":3,"column":37}},"2":{"start":{"line":5,"column":0},"end":{"line":9,"column":3}},"3":{"start":{"line":6,"column":2},"end":{"line":8,"column":5}},"4":{"start":{"line":7,"column":4},"end":{"line":7,"column":56}}},"fnMap":{"0":{"name":"(anonymous_6)","decl":{"start":{"line":5,"column":12},"end":{"line":5,"column":15}},"loc":{"start":{"line":5,"column":17},"end":{"line":9,"column":1}}},"1":{"name":"(anonymous_7)","decl":{"start":{"line":6,"column":19},"end":{"line":6,"column":22}},"loc":{"start":{"line":6,"column":24},"end":{"line":8,"column":3}}}},"branchMap":{"0":{"loc":{"start":{"line":3,"column":13},"end":{"line":3,"column":37}},"type":"binary-expr","locations":[{"start":{"line":3,"column":13},"end":{"line":3,"column":29}},{"start":{"line":3,"column":33},"end":{"line":3,"column":37}}]}},"s":{"0":0,"1":0,"2":0,"3":0,"4":0},"f":{"0":0,"1":0},"b":{"0":[0,0]}}
,"C:\\Driven\\projetos\\desafio-tecnico-back-end\\src\\config\\database.ts": {"path":"C:\\Driven\\projetos\\desafio-tecnico-back-end\\src\\config\\database.ts","statementMap":{"0":{"start":{"line":1,"column":0},"end":{"line":1,"column":46}},"1":{"start":{"line":5,"column":2},"end":{"line":5,"column":30}},"2":{"start":{"line":4,"column":0},"end":{"line":4,"column":16}},"3":{"start":{"line":9,"column":2},"end":{"line":9,"column":30}},"4":{"start":{"line":8,"column":0},"end":{"line":8,"column":7}}},"fnMap":{"0":{"name":"connectDb","decl":{"start":{"line":4,"column":16},"end":{"line":4,"column":25}},"loc":{"start":{"line":4,"column":25},"end":{"line":6,"column":1}}},"1":{"name":"disconnectDB","decl":{"start":{"line":8,"column":22},"end":{"line":8,"column":34}},"loc":{"start":{"line":8,"column":34},"end":{"line":10,"column":1}}}},"branchMap":{},"s":{"0":3,"1":3,"2":3,"3":0,"4":3},"f":{"0":3,"1":0},"b":{}}
,"C:\\Driven\\projetos\\desafio-tecnico-back-end\\src\\config\\envs.ts": {"path":"C:\\Driven\\projetos\\desafio-tecnico-back-end\\src\\config\\envs.ts","statementMap":{"0":{"start":{"line":1,"column":0},"end":{"line":1,"column":28}},"1":{"start":{"line":2,"column":0},"end":{"line":2,"column":41}},"2":{"start":{"line":6,"column":4},"end":{"line":10,"column":14}},"3":{"start":{"line":12,"column":22},"end":{"line":12,"column":45}},"4":{"start":{"line":13,"column":2},"end":{"line":13,"column":35}},"5":{"start":{"line":4,"column":0},"end":{"line":4,"column":16}}},"fnMap":{"0":{"name":"loadEnv","decl":{"start":{"line":4,"column":16},"end":{"line":4,"column":23}},"loc":{"start":{"line":4,"column":23},"end":{"line":14,"column":1}}}},"branchMap":{"0":{"loc":{"start":{"line":6,"column":4},"end":{"line":10,"column":14}},"type":"cond-expr","locations":[{"start":{"line":7,"column":8},"end":{"line":7,"column":19}},{"start":{"line":8,"column":8},"end":{"line":10,"column":14}}]},"1":{"loc":{"start":{"line":8,"column":8},"end":{"line":10,"column":14}},"type":"cond-expr","locations":[{"start":{"line":9,"column":8},"end":{"line":9,"column":26}},{"start":{"line":10,"column":8},"end":{"line":10,"column":14}}]}},"s":{"0":3,"1":3,"2":3,"3":3,"4":3,"5":3},"f":{"0":3},"b":{"0":[3,0],"1":[0,0]}}
,"C:\\Driven\\projetos\\desafio-tecnico-back-end\\src\\controllers\\bets-controller.ts": {"path":"C:\\Driven\\projetos\\desafio-tecnico-back-end\\src\\controllers\\bets-controller.ts","statementMap":{"0":{"start":{"line":2,"column":0},"end":{"line":2,"column":37}},"1":{"start":{"line":3,"column":0},"end":{"line":3,"column":41}},"2":{"start":{"line":6,"column":2},"end":{"line":14,"column":null}},"3":{"start":{"line":7,"column":19},"end":{"line":7,"column":56}},"4":{"start":{"line":8,"column":4},"end":{"line":8,"column":55}},"5":{"start":{"line":10,"column":4},"end":{"line":12,"column":null}},"6":{"start":{"line":11,"column":6},"end":{"line":11,"column":50}},"7":{"start":{"line":13,"column":4},"end":{"line":13,"column":60}},"8":{"start":{"line":5,"column":0},"end":{"line":5,"column":7}}},"fnMap":{"0":{"name":"createBet","decl":{"start":{"line":5,"column":22},"end":{"line":5,"column":31}},"loc":{"start":{"line":5,"column":59},"end":{"line":15,"column":1}}}},"branchMap":{"0":{"loc":{"start":{"line":10,"column":4},"end":{"line":12,"column":null}},"type":"if","locations":[{"start":{"line":10,"column":4},"end":{"line":12,"column":null}}]}},"s":{"0":3,"1":3,"2":0,"3":0,"4":0,"5":0,"6":0,"7":0,"8":3},"f":{"0":0},"b":{"0":[0]}}
,"C:\\Driven\\projetos\\desafio-tecnico-back-end\\src\\controllers\\games-controller.ts": {"path":"C:\\Driven\\projetos\\desafio-tecnico-back-end\\src\\controllers\\games-controller.ts","statementMap":{"0":{"start":{"line":2,"column":0},"end":{"line":2,"column":37}},"1":{"start":{"line":3,"column":0},"end":{"line":3,"column":42}},"2":{"start":{"line":6,"column":2},"end":{"line":11,"column":null}},"3":{"start":{"line":7,"column":19},"end":{"line":7,"column":58}},"4":{"start":{"line":8,"column":4},"end":{"line":8,"column":55}},"5":{"start":{"line":10,"column":4},"end":{"line":10,"column":60}},"6":{"start":{"line":5,"column":0},"end":{"line":5,"column":7}},"7":{"start":{"line":15,"column":2},"end":{"line":20,"column":null}},"8":{"start":{"line":16,"column":19},"end":{"line":16,"column":48}},"9":{"start":{"line":17,"column":4},"end":{"line":17,"column":55}},"10":{"start":{"line":19,"column":4},"end":{"line":19,"column":60}},"11":{"start":{"line":14,"column":0},"end":{"line":14,"column":7}},"12":{"start":{"line":24,"column":2},"end":{"line":29,"column":null}},"13":{"start":{"line":25,"column":19},"end":{"line":25,"column":78}},"14":{"start":{"line":26,"column":4},"end":{"line":26,"column":55}},"15":{"start":{"line":28,"column":4},"end":{"line":28,"column":60}},"16":{"start":{"line":23,"column":0},"end":{"line":23,"column":7}},"17":{"start":{"line":33,"column":2},"end":{"line":38,"column":null}},"18":{"start":{"line":34,"column":19},"end":{"line":34,"column":87}},"19":{"start":{"line":35,"column":4},"end":{"line":35,"column":55}},"20":{"start":{"line":37,"column":4},"end":{"line":37,"column":60}},"21":{"start":{"line":32,"column":0},"end":{"line":32,"column":7}}},"fnMap":{"0":{"name":"createGame","decl":{"start":{"line":5,"column":22},"end":{"line":5,"column":32}},"loc":{"start":{"line":5,"column":60},"end":{"line":12,"column":1}}},"1":{"name":"getGames","decl":{"start":{"line":14,"column":22},"end":{"line":14,"column":30}},"loc":{"start":{"line":14,"column":58},"end":{"line":21,"column":1}}},"2":{"name":"getGameById","decl":{"start":{"line":23,"column":22},"end":{"line":23,"column":33}},"loc":{"start":{"line":23,"column":61},"end":{"line":30,"column":1}}},"3":{"name":"finishGame","decl":{"start":{"line":32,"column":22},"end":{"line":32,"column":32}},"loc":{"start":{"line":32,"column":60},"end":{"line":39,"column":1}}}},"branchMap":{},"s":{"0":3,"1":3,"2":0,"3":0,"4":0,"5":0,"6":3,"7":0,"8":0,"9":0,"10":0,"11":3,"12":0,"13":0,"14":0,"15":0,"16":3,"17":0,"18":0,"19":0,"20":0,"21":3},"f":{"0":0,"1":0,"2":0,"3":0},"b":{}}
,"C:\\Driven\\projetos\\desafio-tecnico-back-end\\src\\controllers\\index.ts": {"path":"C:\\Driven\\projetos\\desafio-tecnico-back-end\\src\\controllers\\index.ts","statementMap":{"0":{"start":{"line":1,"column":0},"end":{"line":1,"column":42}},"1":{"start":{"line":2,"column":0},"end":{"line":2,"column":35}},"2":{"start":{"line":3,"column":0},"end":{"line":3,"column":34}}},"fnMap":{},"branchMap":{},"s":{"0":3,"1":3,"2":3},"f":{},"b":{}}
,"C:\\Driven\\projetos\\desafio-tecnico-back-end\\src\\controllers\\participants-controller.ts": {"path":"C:\\Driven\\projetos\\desafio-tecnico-back-end\\src\\controllers\\participants-controller.ts","statementMap":{"0":{"start":{"line":2,"column":0},"end":{"line":2,"column":37}},"1":{"start":{"line":3,"column":0},"end":{"line":3,"column":49}},"2":{"start":{"line":6,"column":2},"end":{"line":11,"column":null}},"3":{"start":{"line":7,"column":19},"end":{"line":7,"column":72}},"4":{"start":{"line":8,"column":4},"end":{"line":8,"column":55}},"5":{"start":{"line":10,"column":4},"end":{"line":10,"column":60}},"6":{"start":{"line":5,"column":0},"end":{"line":5,"column":7}},"7":{"start":{"line":15,"column":2},"end":{"line":20,"column":null}},"8":{"start":{"line":16,"column":19},"end":{"line":16,"column":62}},"9":{"start":{"line":17,"column":4},"end":{"line":17,"column":55}},"10":{"start":{"line":19,"column":4},"end":{"line":19,"column":49}},"11":{"start":{"line":14,"column":0},"end":{"line":14,"column":7}}},"fnMap":{"0":{"name":"createParticipant","decl":{"start":{"line":5,"column":22},"end":{"line":5,"column":39}},"loc":{"start":{"line":5,"column":67},"end":{"line":12,"column":1}}},"1":{"name":"getParticipants","decl":{"start":{"line":14,"column":22},"end":{"line":14,"column":37}},"loc":{"start":{"line":14,"column":65},"end":{"line":21,"column":1}}}},"branchMap":{},"s":{"0":3,"1":3,"2":4,"3":4,"4":4,"5":0,"6":3,"7":0,"8":0,"9":0,"10":0,"11":3},"f":{"0":4,"1":0},"b":{}}
,"C:\\Driven\\projetos\\desafio-tecnico-back-end\\src\\errors\\index.ts": {"path":"C:\\Driven\\projetos\\desafio-tecnico-back-end\\src\\errors\\index.ts","statementMap":{"0":{"start":{"line":1,"column":0},"end":{"line":1,"column":37}},"1":{"start":{"line":2,"column":0},"end":{"line":2,"column":34}},"2":{"start":{"line":3,"column":0},"end":{"line":3,"column":37}},"3":{"start":{"line":4,"column":0},"end":{"line":4,"column":35}}},"fnMap":{},"branchMap":{},"s":{"0":3,"1":3,"2":3,"3":3},"f":{},"b":{}}
,"C:\\Driven\\projetos\\desafio-tecnico-back-end\\src\\errors\\invalid-data-error.ts": {"path":"C:\\Driven\\projetos\\desafio-tecnico-back-end\\src\\errors\\invalid-data-error.ts","statementMap":{"0":{"start":{"line":4,"column":2},"end":{"line":8,"column":4}},"1":{"start":{"line":3,"column":0},"end":{"line":3,"column":16}}},"fnMap":{"0":{"name":"invalidDataError","decl":{"start":{"line":3,"column":16},"end":{"line":3,"column":32}},"loc":{"start":{"line":3,"column":50},"end":{"line":9,"column":1}}}},"branchMap":{},"s":{"0":2,"1":3},"f":{"0":2},"b":{}}
,"C:\\Driven\\projetos\\desafio-tecnico-back-end\\src\\errors\\no-content-error.ts": {"path":"C:\\Driven\\projetos\\desafio-tecnico-back-end\\src\\errors\\no-content-error.ts","statementMap":{"0":{"start":{"line":4,"column":2},"end":{"line":7,"column":null}},"1":{"start":{"line":3,"column":0},"end":{"line":3,"column":16}}},"fnMap":{"0":{"name":"noContentError","decl":{"start":{"line":3,"column":16},"end":{"line":3,"column":30}},"loc":{"start":{"line":3,"column":46},"end":{"line":8,"column":1}}}},"branchMap":{},"s":{"0":1,"1":3},"f":{"0":1},"b":{}}
,"C:\\Driven\\projetos\\desafio-tecnico-back-end\\src\\errors\\not-found-error.ts": {"path":"C:\\Driven\\projetos\\desafio-tecnico-back-end\\src\\errors\\not-found-error.ts","statementMap":{"0":{"start":{"line":4,"column":2},"end":{"line":7,"column":4}},"1":{"start":{"line":3,"column":0},"end":{"line":3,"column":16}}},"fnMap":{"0":{"name":"notFoundError","decl":{"start":{"line":3,"column":16},"end":{"line":3,"column":29}},"loc":{"start":{"line":3,"column":29},"end":{"line":8,"column":1}}}},"branchMap":{},"s":{"0":0,"1":3},"f":{"0":0},"b":{}}
,"C:\\Driven\\projetos\\desafio-tecnico-back-end\\src\\errors\\unauthorized-error.ts": {"path":"C:\\Driven\\projetos\\desafio-tecnico-back-end\\src\\errors\\unauthorized-error.ts","statementMap":{"0":{"start":{"line":4,"column":2},"end":{"line":7,"column":4}},"1":{"start":{"line":3,"column":0},"end":{"line":3,"column":16}}},"fnMap":{"0":{"name":"unauthorizedError","decl":{"start":{"line":3,"column":16},"end":{"line":3,"column":33}},"loc":{"start":{"line":3,"column":33},"end":{"line":8,"column":1}}}},"branchMap":{},"s":{"0":0,"1":3},"f":{"0":0},"b":{}}
,"C:\\Driven\\projetos\\desafio-tecnico-back-end\\src\\middlewares\\index.ts": {"path":"C:\\Driven\\projetos\\desafio-tecnico-back-end\\src\\middlewares\\index.ts","statementMap":{"0":{"start":{"line":1,"column":0},"end":{"line":1,"column":39}}},"fnMap":{},"branchMap":{},"s":{"0":3},"f":{},"b":{}}
,"C:\\Driven\\projetos\\desafio-tecnico-back-end\\src\\middlewares\\validation-middleware.ts": {"path":"C:\\Driven\\projetos\\desafio-tecnico-back-end\\src\\middlewares\\validation-middleware.ts","statementMap":{"0":{"start":{"line":1,"column":0},"end":{"line":1,"column":51}},"1":{"start":{"line":3,"column":0},"end":{"line":3,"column":37}},"2":{"start":{"line":7,"column":2},"end":{"line":7,"column":34}},"3":{"start":{"line":6,"column":0},"end":{"line":6,"column":16}},"4":{"start":{"line":11,"column":2},"end":{"line":11,"column":36}},"5":{"start":{"line":10,"column":0},"end":{"line":10,"column":16}},"6":{"start":{"line":15,"column":2},"end":{"line":25,"column":4}},"7":{"start":{"line":16,"column":22},"end":{"line":18,"column":6}},"8":{"start":{"line":20,"column":4},"end":{"line":24,"column":null}},"9":{"start":{"line":21,"column":6},"end":{"line":21,"column":13}},"10":{"start":{"line":23,"column":6},"end":{"line":23,"column":101}},"11":{"start":{"line":23,"column":88},"end":{"line":23,"column":97}}},"fnMap":{"0":{"name":"validateBody","decl":{"start":{"line":6,"column":16},"end":{"line":6,"column":28}},"loc":{"start":{"line":6,"column":55},"end":{"line":8,"column":1}}},"1":{"name":"validateParams","decl":{"start":{"line":10,"column":16},"end":{"line":10,"column":30}},"loc":{"start":{"line":10,"column":57},"end":{"line":12,"column":1}}},"2":{"name":"validate","decl":{"start":{"line":14,"column":9},"end":{"line":14,"column":17}},"loc":{"start":{"line":14,"column":63},"end":{"line":26,"column":1}}},"3":{"name":"(anonymous_4)","decl":{"start":{"line":15,"column":9},"end":{"line":15,"column":10}},"loc":{"start":{"line":15,"column":61},"end":{"line":25,"column":3}}},"4":{"name":"(anonymous_5)","decl":{"start":{"line":23,"column":81},"end":{"line":23,"column":82}},"loc":{"start":{"line":23,"column":88},"end":{"line":23,"column":97}}}},"branchMap":{"0":{"loc":{"start":{"line":20,"column":4},"end":{"line":24,"column":null}},"type":"if","locations":[{"start":{"line":20,"column":4},"end":{"line":24,"column":null}},{"start":{"line":22,"column":11},"end":{"line":24,"column":null}}]}},"s":{"0":3,"1":3,"2":3,"3":3,"4":0,"5":3,"6":3,"7":6,"8":6,"9":4,"10":2,"11":2},"f":{"0":3,"1":0,"2":3,"3":6,"4":2},"b":{"0":[4,2]}}
,"C:\\Driven\\projetos\\desafio-tecnico-back-end\\src\\repositories\\bets-repository.ts": {"path":"C:\\Driven\\projetos\\desafio-tecnico-back-end\\src\\repositories\\bets-repository.ts","statementMap":{"0":{"start":{"line":1,"column":0},"end":{"line":1,"column":43}},"1":{"start":{"line":5,"column":2},"end":{"line":5,"column":31}},"2":{"start":{"line":9,"column":2},"end":{"line":25,"column":5}},"3":{"start":{"line":10,"column":23},"end":{"line":10,"column":62}},"4":{"start":{"line":12,"column":44},"end":{"line":18,"column":6}},"5":{"start":{"line":20,"column":4},"end":{"line":20,"column":36}},"6":{"start":{"line":22,"column":23},"end":{"line":22,"column":71}},"7":{"start":{"line":24,"column":4},"end":{"line":24,"column":22}},"8":{"start":{"line":29,"column":2},"end":{"line":38,"column":5}},"9":{"start":{"line":41,"column":23},"end":{"line":45,"column":2}},"10":{"start":{"line":47,"column":0},"end":{"line":47,"column":30}}},"fnMap":{"0":{"name":"fetchBets","decl":{"start":{"line":4,"column":15},"end":{"line":4,"column":24}},"loc":{"start":{"line":4,"column":24},"end":{"line":6,"column":1}}},"1":{"name":"createBet","decl":{"start":{"line":8,"column":15},"end":{"line":8,"column":24}},"loc":{"start":{"line":8,"column":67},"end":{"line":26,"column":1}}},"2":{"name":"(anonymous_2)","decl":{"start":{"line":9,"column":29},"end":{"line":9,"column":34}},"loc":{"start":{"line":9,"column":52},"end":{"line":25,"column":3}}},"3":{"name":"modifyBet","decl":{"start":{"line":28,"column":15},"end":{"line":28,"column":24}},"loc":{"start":{"line":28,"column":70},"end":{"line":39,"column":1}}}},"branchMap":{},"s":{"0":3,"1":0,"2":0,"3":0,"4":0,"5":0,"6":0,"7":0,"8":0,"9":3,"10":3},"f":{"0":0,"1":0,"2":0,"3":0},"b":{}}
,"C:\\Driven\\projetos\\desafio-tecnico-back-end\\src\\repositories\\games-repository.ts": {"path":"C:\\Driven\\projetos\\desafio-tecnico-back-end\\src\\repositories\\games-repository.ts","statementMap":{"0":{"start":{"line":1,"column":0},"end":{"line":1,"column":43}},"1":{"start":{"line":5,"column":2},"end":{"line":5,"column":32}},"2":{"start":{"line":9,"column":2},"end":{"line":9,"column":48}},"3":{"start":{"line":13,"column":2},"end":{"line":20,"column":5}},"4":{"start":{"line":24,"column":2},"end":{"line":34,"column":5}},"5":{"start":{"line":37,"column":24},"end":{"line":42,"column":2}},"6":{"start":{"line":44,"column":0},"end":{"line":44,"column":31}}},"fnMap":{"0":{"name":"fetchGames","decl":{"start":{"line":4,"column":15},"end":{"line":4,"column":25}},"loc":{"start":{"line":4,"column":25},"end":{"line":6,"column":1}}},"1":{"name":"createGame","decl":{"start":{"line":8,"column":15},"end":{"line":8,"column":25}},"loc":{"start":{"line":8,"column":44},"end":{"line":10,"column":1}}},"2":{"name":"retrieveGameById","decl":{"start":{"line":12,"column":15},"end":{"line":12,"column":31}},"loc":{"start":{"line":12,"column":42},"end":{"line":21,"column":1}}},"3":{"name":"finishGame","decl":{"start":{"line":23,"column":15},"end":{"line":23,"column":25}},"loc":{"start":{"line":23,"column":82},"end":{"line":35,"column":1}}}},"branchMap":{},"s":{"0":3,"1":0,"2":0,"3":0,"4":0,"5":3,"6":3},"f":{"0":0,"1":0,"2":0,"3":0},"b":{}}
,"C:\\Driven\\projetos\\desafio-tecnico-back-end\\src\\repositories\\index.ts": {"path":"C:\\Driven\\projetos\\desafio-tecnico-back-end\\src\\repositories\\index.ts","statementMap":{"0":{"start":{"line":1,"column":0},"end":{"line":1,"column":42}},"1":{"start":{"line":2,"column":0},"end":{"line":2,"column":35}}},"fnMap":{},"branchMap":{},"s":{"0":0,"1":0},"f":{},"b":{}}
,"C:\\Driven\\projetos\\desafio-tecnico-back-end\\src\\repositories\\participants-repository.ts": {"path":"C:\\Driven\\projetos\\desafio-tecnico-back-end\\src\\repositories\\participants-repository.ts","statementMap":{"0":{"start":{"line":1,"column":0},"end":{"line":1,"column":43}},"1":{"start":{"line":5,"column":2},"end":{"line":5,"column":39}},"2":{"start":{"line":9,"column":2},"end":{"line":9,"column":62}},"3":{"start":{"line":13,"column":2},"end":{"line":17,"column":5}},"4":{"start":{"line":21,"column":2},"end":{"line":29,"column":5}},"5":{"start":{"line":32,"column":31},"end":{"line":37,"column":2}},"6":{"start":{"line":39,"column":0},"end":{"line":39,"column":38}}},"fnMap":{"0":{"name":"fetchParticipants","decl":{"start":{"line":4,"column":15},"end":{"line":4,"column":32}},"loc":{"start":{"line":4,"column":32},"end":{"line":6,"column":1}}},"1":{"name":"createParticipant","decl":{"start":{"line":8,"column":15},"end":{"line":8,"column":32}},"loc":{"start":{"line":8,"column":65},"end":{"line":10,"column":1}}},"2":{"name":"retrieveParticipantById","decl":{"start":{"line":12,"column":15},"end":{"line":12,"column":38}},"loc":{"start":{"line":12,"column":49},"end":{"line":18,"column":1}}},"3":{"name":"modifyParticipant","decl":{"start":{"line":20,"column":15},"end":{"line":20,"column":32}},"loc":{"start":{"line":20,"column":60},"end":{"line":30,"column":1}}}},"branchMap":{},"s":{"0":3,"1":2,"2":4,"3":0,"4":0,"5":3,"6":3},"f":{"0":2,"1":4,"2":0,"3":0},"b":{}}
,"C:\\Driven\\projetos\\desafio-tecnico-back-end\\src\\routes\\bets.routes.ts": {"path":"C:\\Driven\\projetos\\desafio-tecnico-back-end\\src\\routes\\bets.routes.ts","statementMap":{"0":{"start":{"line":1,"column":0},"end":{"line":1,"column":33}},"1":{"start":{"line":3,"column":19},"end":{"line":3,"column":27}},"2":{"start":{"line":5,"column":9},"end":{"line":5,"column":19}}},"fnMap":{},"branchMap":{},"s":{"0":3,"1":3,"2":3},"f":{},"b":{}}
,"C:\\Driven\\projetos\\desafio-tecnico-back-end\\src\\routes\\games.routes.ts": {"path":"C:\\Driven\\projetos\\desafio-tecnico-back-end\\src\\routes\\games.routes.ts","statementMap":{"0":{"start":{"line":1,"column":0},"end":{"line":1,"column":33}},"1":{"start":{"line":3,"column":20},"end":{"line":3,"column":28}},"2":{"start":{"line":5,"column":9},"end":{"line":5,"column":20}}},"fnMap":{},"branchMap":{},"s":{"0":3,"1":3,"2":3},"f":{},"b":{}}
,"C:\\Driven\\projetos\\desafio-tecnico-back-end\\src\\routes\\index.ts": {"path":"C:\\Driven\\projetos\\desafio-tecnico-back-end\\src\\routes\\index.ts","statementMap":{"0":{"start":{"line":1,"column":0},"end":{"line":1,"column":37}},"1":{"start":{"line":2,"column":0},"end":{"line":2,"column":30}},"2":{"start":{"line":3,"column":0},"end":{"line":3,"column":29}}},"fnMap":{},"branchMap":{},"s":{"0":3,"1":3,"2":3},"f":{},"b":{}}
,"C:\\Driven\\projetos\\desafio-tecnico-back-end\\src\\routes\\participants.routes.ts": {"path":"C:\\Driven\\projetos\\desafio-tecnico-back-end\\src\\routes\\participants.routes.ts","statementMap":{"0":{"start":{"line":1,"column":0},"end":{"line":1,"column":33}},"1":{"start":{"line":2,"column":0},"end":{"line":2,"column":46}},"2":{"start":{"line":3,"column":0},"end":{"line":3,"column":47}},"3":{"start":{"line":4,"column":0},"end":{"line":4,"column":51}},"4":{"start":{"line":6,"column":27},"end":{"line":6,"column":35}},"5":{"start":{"line":10,"column":9},"end":{"line":10,"column":27}},"6":{"start":{"line":8,"column":0},"end":{"line":8,"column":null}}},"fnMap":{},"branchMap":{},"s":{"0":3,"1":3,"2":3,"3":3,"4":3,"5":3,"6":3},"f":{},"b":{}}
,"C:\\Driven\\projetos\\desafio-tecnico-back-end\\src\\schemas\\index.ts": {"path":"C:\\Driven\\projetos\\desafio-tecnico-back-end\\src\\schemas\\index.ts","statementMap":{"0":{"start":{"line":1,"column":0},"end":{"line":1,"column":37}}},"fnMap":{},"branchMap":{},"s":{"0":3},"f":{},"b":{}}
,"C:\\Driven\\projetos\\desafio-tecnico-back-end\\src\\schemas\\participants-schema.ts": {"path":"C:\\Driven\\projetos\\desafio-tecnico-back-end\\src\\schemas\\participants-schema.ts","statementMap":{"0":{"start":{"line":1,"column":0},"end":{"line":1,"column":22}},"1":{"start":{"line":3,"column":13},"end":{"line":6,"column":3}}},"fnMap":{},"branchMap":{},"s":{"0":3,"1":3},"f":{},"b":{}}
,"C:\\Driven\\projetos\\desafio-tecnico-back-end\\src\\services\\bets-service.ts": {"path":"C:\\Driven\\projetos\\desafio-tecnico-back-end\\src\\services\\bets-service.ts","statementMap":{"0":{"start":{"line":2,"column":0},"end":{"line":2,"column":60}},"1":{"start":{"line":3,"column":0},"end":{"line":3,"column":62}},"2":{"start":{"line":4,"column":0},"end":{"line":4,"column":76}},"3":{"start":{"line":9,"column":15},"end":{"line":9,"column":69}},"4":{"start":{"line":11,"column":2},"end":{"line":13,"column":null}},"5":{"start":{"line":12,"column":4},"end":{"line":12,"column":30}},"6":{"start":{"line":16,"column":22},"end":{"line":16,"column":97}},"7":{"start":{"line":18,"column":2},"end":{"line":20,"column":null}},"8":{"start":{"line":19,"column":4},"end":{"line":19,"column":30}},"9":{"start":{"line":22,"column":14},"end":{"line":22,"column":24}},"10":{"start":{"line":25,"column":14},"end":{"line":33,"column":null}},"11":{"start":{"line":36,"column":2},"end":{"line":36,"column":13}},"12":{"start":{"line":39,"column":13},"end":{"line":41,"column":2}},"13":{"start":{"line":45,"column":2},"end":{"line":45,"column":67}}},"fnMap":{"0":{"name":"createBet","decl":{"start":{"line":7,"column":15},"end":{"line":7,"column":24}},"loc":{"start":{"line":7,"column":99},"end":{"line":37,"column":1}}},"1":{"name":"unauthorizedError","decl":{"start":{"line":44,"column":9},"end":{"line":44,"column":26}},"loc":{"start":{"line":44,"column":26},"end":{"line":46,"column":1}}}},"branchMap":{"0":{"loc":{"start":{"line":11,"column":2},"end":{"line":13,"column":null}},"type":"if","locations":[{"start":{"line":11,"column":2},"end":{"line":13,"column":null}}]},"1":{"loc":{"start":{"line":11,"column":6},"end":{"line":11,"column":30}},"type":"binary-expr","locations":[{"start":{"line":11,"column":6},"end":{"line":11,"column":11}},{"start":{"line":11,"column":15},"end":{"line":11,"column":30}}]},"2":{"loc":{"start":{"line":18,"column":2},"end":{"line":20,"column":null}},"type":"if","locations":[{"start":{"line":18,"column":2},"end":{"line":20,"column":null}}]},"3":{"loc":{"start":{"line":18,"column":6},"end":{"line":18,"column":61}},"type":"binary-expr","locations":[{"start":{"line":18,"column":6},"end":{"line":18,"column":18}},{"start":{"line":18,"column":22},"end":{"line":18,"column":61}}]}},"s":{"0":3,"1":3,"2":3,"3":0,"4":0,"5":0,"6":0,"7":0,"8":0,"9":0,"10":0,"11":0,"12":3,"13":0},"f":{"0":0,"1":0},"b":{"0":[0],"1":[0,0],"2":[0],"3":[0,0]}}
,"C:\\Driven\\projetos\\desafio-tecnico-back-end\\src\\services\\games-service.ts": {"path":"C:\\Driven\\projetos\\desafio-tecnico-back-end\\src\\services\\games-service.ts","statementMap":{"0":{"start":{"line":1,"column":0},"end":{"line":1,"column":37}},"1":{"start":{"line":2,"column":0},"end":{"line":2,"column":62}},"2":{"start":{"line":3,"column":0},"end":{"line":3,"column":76}},"3":{"start":{"line":4,"column":0},"end":{"line":4,"column":60}},"4":{"start":{"line":6,"column":0},"end":{"line":6,"column":41}},"5":{"start":{"line":7,"column":0},"end":{"line":7,"column":42}},"6":{"start":{"line":17,"column":16},"end":{"line":17,"column":50}},"7":{"start":{"line":18,"column":2},"end":{"line":24,"column":null}},"8":{"start":{"line":20,"column":4},"end":{"line":23,"column":6}},"9":{"start":{"line":25,"column":2},"end":{"line":28,"column":4}},"10":{"start":{"line":35,"column":14},"end":{"line":35,"column":24}},"11":{"start":{"line":36,"column":15},"end":{"line":43,"column":4}},"12":{"start":{"line":45,"column":2},"end":{"line":45,"column":14}},"13":{"start":{"line":50,"column":15},"end":{"line":50,"column":57}},"14":{"start":{"line":51,"column":2},"end":{"line":54,"column":null}},"15":{"start":{"line":53,"column":4},"end":{"line":53,"column":26}},"16":{"start":{"line":55,"column":2},"end":{"line":58,"column":4}},"17":{"start":{"line":64,"column":23},"end":{"line":64,"column":69}},"18":{"start":{"line":66,"column":2},"end":{"line":69,"column":null}},"19":{"start":{"line":68,"column":4},"end":{"line":68,"column":61}},"20":{"start":{"line":72,"column":22},"end":{"line":72,"column":104}},"21":{"start":{"line":75,"column":29},"end":{"line":75,"column":108}},"22":{"start":{"line":75,"column":83},"end":{"line":75,"column":104}},"23":{"start":{"line":76,"column":20},"end":{"line":76,"column":23}},"24":{"start":{"line":77,"column":25},"end":{"line":77,"column":61}},"25":{"start":{"line":80,"column":2},"end":{"line":100,"column":null}},"26":{"start":{"line":81,"column":24},"end":{"line":81,"column":95}},"27":{"start":{"line":83,"column":4},"end":{"line":99,"column":null}},"28":{"start":{"line":84,"column":6},"end":{"line":98,"column":null}},"29":{"start":{"line":86,"column":26},"end":{"line":86,"column":39}},"30":{"start":{"line":87,"column":33},"end":{"line":87,"column":93}},"31":{"start":{"line":88,"column":8},"end":{"line":88,"column":72}},"32":{"start":{"line":91,"column":8},"end":{"line":97,"column":null}},"33":{"start":{"line":92,"column":29},"end":{"line":92,"column":67}},"34":{"start":{"line":93,"column":10},"end":{"line":93,"column":85}},"35":{"start":{"line":96,"column":10},"end":{"line":96,"column":60}},"36":{"start":{"line":102,"column":2},"end":{"line":102,"column":21}},"37":{"start":{"line":105,"column":13},"end":{"line":110,"column":2}}},"fnMap":{"0":{"name":"getGames","decl":{"start":{"line":16,"column":15},"end":{"line":16,"column":23}},"loc":{"start":{"line":16,"column":23},"end":{"line":29,"column":1}}},"1":{"name":"createGame","decl":{"start":{"line":32,"column":15},"end":{"line":32,"column":25}},"loc":{"start":{"line":33,"column":104},"end":{"line":46,"column":1}}},"2":{"name":"getGameById","decl":{"start":{"line":49,"column":15},"end":{"line":49,"column":26}},"loc":{"start":{"line":49,"column":37},"end":{"line":59,"column":1}}},"3":{"name":"finishGame","decl":{"start":{"line":62,"column":15},"end":{"line":62,"column":25}},"loc":{"start":{"line":62,"column":97},"end":{"line":103,"column":1}}},"4":{"name":"(anonymous_5)","decl":{"start":{"line":75,"column":54},"end":{"line":75,"column":55}},"loc":{"start":{"line":75,"column":83},"end":{"line":75,"column":104}}}},"branchMap":{"0":{"loc":{"start":{"line":18,"column":2},"end":{"line":24,"column":null}},"type":"if","locations":[{"start":{"line":18,"column":2},"end":{"line":24,"column":null}}]},"1":{"loc":{"start":{"line":18,"column":6},"end":{"line":18,"column":29}},"type":"binary-expr","locations":[{"start":{"line":18,"column":6},"end":{"line":18,"column":12}},{"start":{"line":18,"column":16},"end":{"line":18,"column":29}}]},"2":{"loc":{"start":{"line":51,"column":2},"end":{"line":54,"column":null}},"type":"if","locations":[{"start":{"line":51,"column":2},"end":{"line":54,"column":null}}]},"3":{"loc":{"start":{"line":66,"column":2},"end":{"line":69,"column":null}},"type":"if","locations":[{"start":{"line":66,"column":2},"end":{"line":69,"column":null}}]},"4":{"loc":{"start":{"line":66,"column":6},"end":{"line":66,"column":46}},"type":"binary-expr","locations":[{"start":{"line":66,"column":6},"end":{"line":66,"column":19}},{"start":{"line":66,"column":23},"end":{"line":66,"column":46}}]},"5":{"loc":{"start":{"line":83,"column":4},"end":{"line":99,"column":null}},"type":"if","locations":[{"start":{"line":83,"column":4},"end":{"line":99,"column":null}}]},"6":{"loc":{"start":{"line":84,"column":6},"end":{"line":98,"column":null}},"type":"if","locations":[{"start":{"line":84,"column":6},"end":{"line":98,"column":null}}]},"7":{"loc":{"start":{"line":84,"column":10},"end":{"line":84,"column":96}},"type":"binary-expr","locations":[{"start":{"line":84,"column":10},"end":{"line":84,"column":51}},{"start":{"line":84,"column":55},"end":{"line":84,"column":96}}]},"8":{"loc":{"start":{"line":91,"column":8},"end":{"line":97,"column":null}},"type":"if","locations":[{"start":{"line":91,"column":8},"end":{"line":97,"column":null}},{"start":{"line":94,"column":15},"end":{"line":97,"column":null}}]}},"s":{"0":3,"1":3,"2":3,"3":3,"4":3,"5":3,"6":0,"7":0,"8":0,"9":0,"10":0,"11":0,"12":0,"13":0,"14":0,"15":0,"16":0,"17":0,"18":0,"19":0,"20":0,"21":0,"22":0,"23":0,"24":0,"25":0,"26":0,"27":0,"28":0,"29":0,"30":0,"31":0,"32":0,"33":0,"34":0,"35":0,"36":0,"37":3},"f":{"0":0,"1":0,"2":0,"3":0,"4":0},"b":{"0":[0],"1":[0,0],"2":[0],"3":[0],"4":[0,0],"5":[0],"6":[0],"7":[0,0],"8":[0,0]}}
,"C:\\Driven\\projetos\\desafio-tecnico-back-end\\src\\services\\index.ts": {"path":"C:\\Driven\\projetos\\desafio-tecnico-back-end\\src\\services\\index.ts","statementMap":{"0":{"start":{"line":1,"column":0},"end":{"line":1,"column":39}},"1":{"start":{"line":2,"column":0},"end":{"line":2,"column":32}},"2":{"start":{"line":3,"column":0},"end":{"line":3,"column":31}}},"fnMap":{},"branchMap":{},"s":{"0":3,"1":3,"2":3},"f":{},"b":{}}
,"C:\\Driven\\projetos\\desafio-tecnico-back-end\\src\\services\\participants-service.ts": {"path":"C:\\Driven\\projetos\\desafio-tecnico-back-end\\src\\services\\participants-service.ts","statementMap":{"0":{"start":{"line":1,"column":0},"end":{"line":1,"column":37}},"1":{"start":{"line":2,"column":0},"end":{"line":2,"column":76}},"2":{"start":{"line":4,"column":0},"end":{"line":4,"column":59}},"3":{"start":{"line":14,"column":23},"end":{"line":14,"column":71}},"4":{"start":{"line":15,"column":2},"end":{"line":17,"column":null}},"5":{"start":{"line":16,"column":4},"end":{"line":16,"column":null}},"6":{"start":{"line":18,"column":2},"end":{"line":21,"column":4}},"7":{"start":{"line":28,"column":14},"end":{"line":28,"column":24}},"8":{"start":{"line":29,"column":22},"end":{"line":33,"column":4}},"9":{"start":{"line":35,"column":2},"end":{"line":35,"column":21}},"10":{"start":{"line":38,"column":13},"end":{"line":41,"column":2}}},"fnMap":{"0":{"name":"getParticipants","decl":{"start":{"line":13,"column":15},"end":{"line":13,"column":30}},"loc":{"start":{"line":13,"column":30},"end":{"line":22,"column":1}}},"1":{"name":"createParticipant","decl":{"start":{"line":25,"column":15},"end":{"line":25,"column":32}},"loc":{"start":{"line":26,"column":67},"end":{"line":36,"column":1}}}},"branchMap":{"0":{"loc":{"start":{"line":15,"column":2},"end":{"line":17,"column":null}},"type":"if","locations":[{"start":{"line":15,"column":2},"end":{"line":17,"column":null}}]},"1":{"loc":{"start":{"line":15,"column":6},"end":{"line":15,"column":43}},"type":"binary-expr","locations":[{"start":{"line":15,"column":6},"end":{"line":15,"column":19}},{"start":{"line":15,"column":23},"end":{"line":15,"column":43}}]}},"s":{"0":3,"1":3,"2":3,"3":2,"4":2,"5":1,"6":1,"7":4,"8":4,"9":4,"10":3},"f":{"0":2,"1":4},"b":{"0":[1],"1":[2,2]}}
,"C:\\Driven\\projetos\\desafio-tecnico-back-end\\src\\utils\\roundDown.ts": {"path":"C:\\Driven\\projetos\\desafio-tecnico-back-end\\src\\utils\\roundDown.ts","statementMap":{"0":{"start":{"line":2,"column":17},"end":{"line":2,"column":36}},"1":{"start":{"line":3,"column":2},"end":{"line":3,"column":45}},"2":{"start":{"line":6,"column":0},"end":{"line":6,"column":25}}},"fnMap":{"0":{"name":"roundDown","decl":{"start":{"line":1,"column":9},"end":{"line":1,"column":18}},"loc":{"start":{"line":1,"column":51},"end":{"line":4,"column":1}}}},"branchMap":{"0":{"loc":{"start":{"line":1,"column":34},"end":{"line":1,"column":51}},"type":"default-arg","locations":[{"start":{"line":1,"column":50},"end":{"line":1,"column":51}}]}},"s":{"0":0,"1":0,"2":3},"f":{"0":0},"b":{"0":[0]}}
}
