TN:
SF:src\app.ts
FN:12,(anonymous_1)
FN:17,init
FN:22,close
FNF:3
FNH:1
FNDA:0,(anonymous_1)
FNDA:3,init
FNDA:0,close
DA:1,3
DA:2,3
DA:3,3
DA:4,3
DA:5,3
DA:6,3
DA:8,3
DA:9,3
DA:12,0
DA:17,3
DA:18,3
DA:19,3
DA:22,3
DA:23,0
DA:26,3
LF:15
LH:13
BRF:0
BRH:0
end_of_record
TN:
SF:src\server.ts
FN:5,(anonymous_6)
FN:6,(anonymous_7)
FNF:2
FNH:0
FNDA:0,(anonymous_6)
FNDA:0,(anonymous_7)
DA:1,0
DA:3,0
DA:5,0
DA:6,0
DA:7,0
LF:5
LH:0
BRDA:3,0,0,0
BRDA:3,0,1,0
BRF:2
BRH:0
end_of_record
TN:
SF:src\config\database.ts
FN:4,connectDb
FN:8,disconnectDB
FNF:2
FNH:1
FNDA:3,connectDb
FNDA:0,disconnectDB
DA:1,3
DA:4,3
DA:5,3
DA:8,3
DA:9,0
LF:5
LH:4
BRF:0
BRH:0
end_of_record
TN:
SF:src\config\envs.ts
FN:4,loadEnv
FNF:1
FNH:1
FNDA:3,loadEnv
DA:1,3
DA:2,3
DA:4,3
DA:6,3
DA:12,3
DA:13,3
LF:6
LH:6
BRDA:6,0,0,3
BRDA:6,0,1,0
BRDA:8,1,0,0
BRDA:8,1,1,0
BRF:4
BRH:1
end_of_record
TN:
SF:src\controllers\bets-controller.ts
FN:5,createBet
FNF:1
FNH:0
FNDA:0,createBet
DA:2,3
DA:3,3
DA:5,3
DA:6,0
DA:7,0
DA:8,0
DA:10,0
DA:11,0
DA:13,0
LF:9
LH:3
BRDA:10,0,0,0
BRF:1
BRH:0
end_of_record
TN:
SF:src\controllers\games-controller.ts
FN:5,createGame
FN:14,getGames
FN:23,getGameById
FN:32,finishGame
FNF:4
FNH:0
FNDA:0,createGame
FNDA:0,getGames
FNDA:0,getGameById
FNDA:0,finishGame
DA:2,3
DA:3,3
DA:5,3
DA:6,0
DA:7,0
DA:8,0
DA:10,0
DA:14,3
DA:15,0
DA:16,0
DA:17,0
DA:19,0
DA:23,3
DA:24,0
DA:25,0
DA:26,0
DA:28,0
DA:32,3
DA:33,0
DA:34,0
DA:35,0
DA:37,0
LF:22
LH:6
BRF:0
BRH:0
end_of_record
TN:
SF:src\controllers\index.ts
FNF:0
FNH:0
DA:1,3
DA:2,3
DA:3,3
LF:3
LH:3
BRF:0
BRH:0
end_of_record
TN:
SF:src\controllers\participants-controller.ts
FN:5,createParticipant
FN:14,getParticipants
FNF:2
FNH:1
FNDA:4,createParticipant
FNDA:0,getParticipants
DA:2,3
DA:3,3
DA:5,3
DA:6,4
DA:7,4
DA:8,4
DA:10,0
DA:14,3
DA:15,0
DA:16,0
DA:17,0
DA:19,0
LF:12
LH:7
BRF:0
BRH:0
end_of_record
TN:
SF:src\errors\index.ts
FNF:0
FNH:0
DA:1,3
DA:2,3
DA:3,3
DA:4,3
LF:4
LH:4
BRF:0
BRH:0
end_of_record
TN:
SF:src\errors\invalid-data-error.ts
FN:3,invalidDataError
FNF:1
FNH:1
FNDA:2,invalidDataError
DA:3,3
DA:4,2
LF:2
LH:2
BRF:0
BRH:0
end_of_record
TN:
SF:src\errors\no-content-error.ts
FN:3,noContentError
FNF:1
FNH:1
FNDA:1,noContentError
DA:3,3
DA:4,1
LF:2
LH:2
BRF:0
BRH:0
end_of_record
TN:
SF:src\errors\not-found-error.ts
FN:3,notFoundError
FNF:1
FNH:0
FNDA:0,notFoundError
DA:3,3
DA:4,0
LF:2
LH:1
BRF:0
BRH:0
end_of_record
TN:
SF:src\errors\unauthorized-error.ts
FN:3,unauthorizedError
FNF:1
FNH:0
FNDA:0,unauthorizedError
DA:3,3
DA:4,0
LF:2
LH:1
BRF:0
BRH:0
end_of_record
TN:
SF:src\middlewares\index.ts
FNF:0
FNH:0
DA:1,3
LF:1
LH:1
BRF:0
BRH:0
end_of_record
TN:
SF:src\middlewares\validation-middleware.ts
FN:6,validateBody
FN:10,validateParams
FN:14,validate
FN:15,(anonymous_4)
FN:23,(anonymous_5)
FNF:5
FNH:4
FNDA:3,validateBody
FNDA:0,validateParams
FNDA:3,validate
FNDA:6,(anonymous_4)
FNDA:2,(anonymous_5)
DA:1,3
DA:3,3
DA:6,3
DA:7,3
DA:10,3
DA:11,0
DA:15,3
DA:16,6
DA:20,6
DA:21,4
DA:23,2
LF:11
LH:10
BRDA:20,0,0,4
BRDA:20,0,1,2
BRF:2
BRH:2
end_of_record
TN:
SF:src\repositories\bets-repository.ts
FN:4,fetchBets
FN:8,createBet
FN:9,(anonymous_2)
FN:28,modifyBet
FNF:4
FNH:0
FNDA:0,fetchBets
FNDA:0,createBet
FNDA:0,(anonymous_2)
FNDA:0,modifyBet
DA:1,3
DA:5,0
DA:9,0
DA:10,0
DA:12,0
DA:20,0
DA:22,0
DA:24,0
DA:29,0
DA:41,3
DA:47,3
LF:11
LH:3
BRF:0
BRH:0
end_of_record
TN:
SF:src\repositories\games-repository.ts
FN:4,fetchGames
FN:8,createGame
FN:12,retrieveGameById
FN:23,finishGame
FNF:4
FNH:0
FNDA:0,fetchGames
FNDA:0,createGame
FNDA:0,retrieveGameById
FNDA:0,finishGame
DA:1,3
DA:5,0
DA:9,0
DA:13,0
DA:24,0
DA:37,3
DA:44,3
LF:7
LH:3
BRF:0
BRH:0
end_of_record
TN:
SF:src\repositories\index.ts
FNF:0
FNH:0
DA:1,0
DA:2,0
LF:2
LH:0
BRF:0
BRH:0
end_of_record
TN:
SF:src\repositories\participants-repository.ts
FN:4,fetchParticipants
FN:8,createParticipant
FN:12,retrieveParticipantById
FN:20,modifyParticipant
FNF:4
FNH:2
FNDA:2,fetchParticipants
FNDA:4,createParticipant
FNDA:0,retrieveParticipantById
FNDA:0,modifyParticipant
DA:1,3
DA:5,2
DA:9,4
DA:13,0
DA:21,0
DA:32,3
DA:39,3
LF:7
LH:5
BRF:0
BRH:0
end_of_record
TN:
SF:src\routes\bets.routes.ts
FNF:0
FNH:0
DA:1,3
DA:3,3
DA:5,3
LF:3
LH:3
BRF:0
BRH:0
end_of_record
TN:
SF:src\routes\games.routes.ts
FNF:0
FNH:0
DA:1,3
DA:3,3
DA:5,3
LF:3
LH:3
BRF:0
BRH:0
end_of_record
TN:
SF:src\routes\index.ts
FNF:0
FNH:0
DA:1,3
DA:2,3
DA:3,3
LF:3
LH:3
BRF:0
BRH:0
end_of_record
TN:
SF:src\routes\participants.routes.ts
FNF:0
FNH:0
DA:1,3
DA:2,3
DA:3,3
DA:4,3
DA:6,3
DA:8,3
DA:10,3
LF:7
LH:7
BRF:0
BRH:0
end_of_record
TN:
SF:src\schemas\index.ts
FNF:0
FNH:0
DA:1,3
LF:1
LH:1
BRF:0
BRH:0
end_of_record
TN:
SF:src\schemas\participants-schema.ts
FNF:0
FNH:0
DA:1,3
DA:3,3
LF:2
LH:2
BRF:0
BRH:0
end_of_record
TN:
SF:src\services\bets-service.ts
FN:7,createBet
FN:44,unauthorizedError
FNF:2
FNH:0
FNDA:0,createBet
FNDA:0,unauthorizedError
DA:2,3
DA:3,3
DA:4,3
DA:9,0
DA:11,0
DA:12,0
DA:16,0
DA:18,0
DA:19,0
DA:22,0
DA:25,0
DA:36,0
DA:39,3
DA:45,0
LF:14
LH:4
BRDA:11,0,0,0
BRDA:11,1,0,0
BRDA:11,1,1,0
BRDA:18,2,0,0
BRDA:18,3,0,0
BRDA:18,3,1,0
BRF:6
BRH:0
end_of_record
TN:
SF:src\services\games-service.ts
FN:16,getGames
FN:32,createGame
FN:49,getGameById
FN:62,finishGame
FN:75,(anonymous_5)
FNF:5
FNH:0
FNDA:0,getGames
FNDA:0,createGame
FNDA:0,getGameById
FNDA:0,finishGame
FNDA:0,(anonymous_5)
DA:1,3
DA:2,3
DA:3,3
DA:4,3
DA:6,3
DA:7,3
DA:17,0
DA:18,0
DA:20,0
DA:25,0
DA:35,0
DA:36,0
DA:45,0
DA:50,0
DA:51,0
DA:53,0
DA:55,0
DA:64,0
DA:66,0
DA:68,0
DA:72,0
DA:75,0
DA:76,0
DA:77,0
DA:80,0
DA:81,0
DA:83,0
DA:84,0
DA:86,0
DA:87,0
DA:88,0
DA:91,0
DA:92,0
DA:93,0
DA:96,0
DA:102,0
DA:105,3
LF:37
LH:7
BRDA:18,0,0,0
BRDA:18,1,0,0
BRDA:18,1,1,0
BRDA:51,2,0,0
BRDA:66,3,0,0
BRDA:66,4,0,0
BRDA:66,4,1,0
BRDA:83,5,0,0
BRDA:84,6,0,0
BRDA:84,7,0,0
BRDA:84,7,1,0
BRDA:91,8,0,0
BRDA:91,8,1,0
BRF:13
BRH:0
end_of_record
TN:
SF:src\services\index.ts
FNF:0
FNH:0
DA:1,3
DA:2,3
DA:3,3
LF:3
LH:3
BRF:0
BRH:0
end_of_record
TN:
SF:src\services\participants-service.ts
FN:13,getParticipants
FN:25,createParticipant
FNF:2
FNH:2
FNDA:2,getParticipants
FNDA:4,createParticipant
DA:1,3
DA:2,3
DA:4,3
DA:14,2
DA:15,2
DA:16,1
DA:18,1
DA:28,4
DA:29,4
DA:35,4
DA:38,3
LF:11
LH:11
BRDA:15,0,0,1
BRDA:15,1,0,2
BRDA:15,1,1,2
BRF:3
BRH:3
end_of_record
TN:
SF:src\utils\roundDown.ts
FN:1,roundDown
FNF:1
FNH:0
FNDA:0,roundDown
DA:2,0
DA:3,0
DA:6,3
LF:3
LH:1
BRDA:1,0,0,0
BRF:1
BRH:0
end_of_record
